<?xml version="1.0" encoding="UTF-8"?>
<!-- Generated by org.testng.reporters.JUnitReportReporter -->
<testsuite hostname="DESKTOP-T5P5K8D" failures="0" tests="7" name="runner.TestRunner" time="161.803" errors="0" timestamp="2024-08-16T22:40:16 MDT" skipped="0">
  <testcase classname="runner.TestRunner" name="runScenario" time="23.982"/>
  <system-out/>
  <testcase classname="runner.TestRunner" name="runScenario" time="44.704"/>
  <system-out/>
  <testcase classname="runner.TestRunner" name="runScenario" time="22.897"/>
  <system-out/>
  <testcase classname="runner.TestRunner" name="runScenario" time="14.539"/>
  <system-out/>
  <testcase classname="runner.TestRunner" name="runScenario" time="29.827"/>
  <system-out/>
  <testcase classname="runner.TestRunner" name="runScenario" time="12.904"/>
  <system-out/>
  <testcase classname="runner.TestRunner" name="runScenario" time="12.950"/>
  <system-out/>
</testsuite> <!-- runner.TestRunner -->
